#
# There is insufficient memory for the Java Runtime Environment to continue.
# Native memory allocation (malloc) failed to allocate 1048576 bytes. Error detail: AllocateHeap
# Possible reasons:
#   The system is out of physical RAM or swap space
#   This process is running with CompressedOops enabled, and the Java Heap may be blocking the growth of the native heap
# Possible solutions:
#   Reduce memory load on the system
#   Increase physical memory or swap space
#   Check if swap backing store is full
#   Decrease Java heap size (-Xmx/-Xms)
#   Decrease number of Java threads
#   Decrease Java thread stack sizes (-Xss)
#   Set larger code cache with -XX:ReservedCodeCacheSize=
#   JVM is running with Unscaled Compressed Oops mode in which the Java heap is
#     placed in the first 4GB address space. The Java Heap base address is the
#     maximum limit for the native heap growth. Please use -XX:HeapBaseMinAddress
#     to set the Java Heap base and to place the Java Heap above 4GB virtual address.
# This output file may be truncated or incomplete.
#
#  Out of Memory Error (allocation.cpp:44), pid=25292, tid=18740
#
# JRE version:  (21.0.8+9) (build )
# Java VM: OpenJDK 64-Bit Server VM (21.0.8+9-LTS, mixed mode, tiered, compressed oops, compressed class ptrs, parallel gc, windows-amd64)
# No core dump will be written. Minidumps are not enabled by default on client versions of Windows
#

---------------  S U M M A R Y ------------

Command Line: --add-modules=ALL-SYSTEM --add-opens=java.base/java.util=ALL-UNNAMED --add-opens=java.base/java.lang=ALL-UNNAMED --add-opens=java.base/sun.nio.fs=ALL-UNNAMED -Declipse.application=org.eclipse.jdt.ls.core.id1 -Dosgi.bundles.defaultStartLevel=4 -Declipse.product=org.eclipse.jdt.ls.core.product -Djava.import.generatesMetadataFilesAtProjectRoot=false -DDetectVMInstallationsJob.disabled=true -Dfile.encoding=utf8 -XX:+UseParallelGC -XX:GCTimeRatio=4 -XX:AdaptiveSizePolicyWeight=90 -Dsun.zip.disableMemoryMapping=true -Xmx2G -Xms100m -Xlog:disable -javaagent:c:\Users\sheta\.vscode\extensions\redhat.java-1.44.0-win32-x64\lombok\lombok-1.18.39-4050.jar -XX:+HeapDumpOnOutOfMemoryError -XX:HeapDumpPath=c:\Users\sheta\AppData\Roaming\Code\User\workspaceStorage\2e625b7a436b3d02155ce2ee7defb013\redhat.java -Daether.dependencyCollector.impl=bf c:\Users\sheta\.vscode\extensions\redhat.java-1.44.0-win32-x64\server\plugins\org.eclipse.equinox.launcher_1.7.0.v20250519-0528.jar -configuration c:\Users\sheta\AppData\Roaming\Code\User\globalStorage\redhat.java\1.44.0\config_win -data c:\Users\sheta\AppData\Roaming\Code\User\workspaceStorage\2e625b7a436b3d02155ce2ee7defb013\redhat.java\jdt_ws --pipe=\\.\pipe\lsp-d2e39c5b069646297ac61214b1a5cae0-sock

Host: 12th Gen Intel(R) Core(TM) i5-1235U, 12 cores, 15G,  Windows 11 , 64 bit Build 26100 (10.0.26100.3912)
Time: Wed Aug 20 20:33:16 2025 India Standard Time elapsed time: 6.135904 seconds (0d 0h 0m 6s)

---------------  T H R E A D  ---------------

Current thread (0x0000026981f1d1c0):  JavaThread "Unknown thread" [_thread_in_vm, id=18740, stack(0x000000ddcca00000,0x000000ddccb00000) (1024K)]

Stack: [0x000000ddcca00000,0x000000ddccb00000]
Native frames: (J=compiled Java code, j=interpreted, Vv=VM code, C=native code)
V  [jvm.dll+0x6d2449]
V  [jvm.dll+0x8ae341]
V  [jvm.dll+0x8b08be]
V  [jvm.dll+0x8b0fa3]
V  [jvm.dll+0x280c96]
V  [jvm.dll+0xc0347]
V  [jvm.dll+0x70fa0d]
V  [jvm.dll+0x7100cc]
V  [jvm.dll+0x6e0f48]
V  [jvm.dll+0x877c7c]
V  [jvm.dll+0x3becec]
V  [jvm.dll+0x8606d8]
V  [jvm.dll+0x4530ee]
V  [jvm.dll+0x454d31]
C  [jli.dll+0x5278]
C  [ucrtbase.dll+0x37b0]
C  [KERNEL32.DLL+0x2e8d7]
C  [ntdll.dll+0x9c5dc]


---------------  P R O C E S S  ---------------

Threads class SMR info:
_java_thread_list=0x0000026981f46990, length=1, elements={
0x0000026981f1d1c0
}

Java Threads: ( => current thread )
=>0x0000026981f1d1c0 JavaThread "Unknown thread"             [_thread_in_vm, id=18740, stack(0x000000ddcca00000,0x000000ddccb00000) (1024K)]
Total: 1

Other Threads:
  0x000002699889ca00 WatcherThread "VM Periodic Task Thread"        [id=23616, stack(0x000000ddccc00000,0x000000ddccd00000) (1024K)]
  0x0000026981f3b3a0 WorkerThread "GC Thread#0"                     [id=13900, stack(0x000000ddccb00000,0x000000ddccc00000) (1024K)]
Total: 2

Threads with active compile tasks:
Total: 0

VM state: not at safepoint (normal execution)

VM Mutex/Monitor currently owned by a thread: None

Heap address: 0x0000000080000000, size: 2048 MB, Compressed Oops mode: 32-bit

CDS archive(s) not mapped
Compressed class space mapped at: 0x0000000100000000-0x0000000140000000, reserved size: 1073741824
Narrow klass base: 0x0000000000000000, Narrow klass shift: 3, Narrow klass range: 0x140000000

GC Precious Log:
 CardTable entry size: 512
 CPUs: 12 total, 12 available
 Memory: 16108M
 Large Page Support: Disabled
 NUMA Support: Disabled
 Compressed Oops: Enabled (32-bit)
 Alignments: Space 512K, Generation 512K, Heap 2M
 Heap Min Capacity: 100M
 Heap Initial Capacity: 100M
 Heap Max Capacity: 2G
 Pre-touch: Disabled
 Parallel Workers: 10

Heap:
 PSYoungGen      total 29696K, used 512K [0x00000000d5580000, 0x00000000d7680000, 0x0000000100000000)
  eden space 25600K, 2% used [0x00000000d5580000,0x00000000d5600070,0x00000000d6e80000)
  from space 4096K, 0% used [0x00000000d7280000,0x00000000d7280000,0x00000000d7680000)
  to   space 4096K, 0% used [0x00000000d6e80000,0x00000000d6e80000,0x00000000d7280000)
 ParOldGen       total 68608K, used 0K [0x0000000080000000, 0x0000000084300000, 0x00000000d5580000)
  object space 68608K, 0% used [0x0000000080000000,0x0000000080000000,0x0000000084300000)
 Metaspace       used 1396K, committed 1472K, reserved 1114112K
  class space    used 112K, committed 128K, reserved 1048576K

Card table byte_map: [0x00000269818f0000,0x0000026981d00000] _byte_map_base: 0x00000269814f0000

Marking Bits: (ParMarkBitMap*) 0x00007ffbe6bba340
 Begin Bits: [0x00000269943c0000, 0x00000269963c0000)
 End Bits:   [0x00000269963c0000, 0x00000269983c0000)

Polling page: 0x00000269816e0000

Metaspace:

Usage:
  Non-class:      1.25 MB used.
      Class:    112.47 KB used.
       Both:      1.36 MB used.

Virtual space:
  Non-class space:       64.00 MB reserved,       1.31 MB (  2%) committed,  1 nodes.
      Class space:        1.00 GB reserved,     128.00 KB ( <1%) committed,  1 nodes.
             Both:        1.06 GB reserved,       1.44 MB ( <1%) committed. 

Chunk freelists:
   Non-Class:  12.00 MB
       Class:  15.75 MB
        Both:  27.75 MB

MaxMetaspaceSize: unlimited
CompressedClassSpaceSize: 1.00 GB
Initial GC threshold: 21.00 MB
Current GC threshold: 17179869184.00 GB
CDS: off
 - commit_granule_bytes: 65536.
 - commit_granule_words: 8192.
 - virtual_space_node_default_size: 8388608.
 - enlarge_chunks_in_place: 1.
 - use_allocation_guard: 0.


Internal statistics:

num_allocs_failed_limit: 0.
num_arena_births: 2.
num_arena_deaths: 0.
num_vsnodes_births: 2.
num_vsnodes_deaths: 0.
num_space_committed: 23.
num_space_uncommitted: 0.
num_chunks_returned_to_freelist: 0.
num_chunks_taken_from_freelist: 3.
num_chunk_merges: 0.
num_chunk_splits: 2.
num_chunks_enlarged: 0.
num_inconsistent_stats: 0.

CodeHeap 'non-profiled nmethods': size=120000Kb used=0Kb max_used=0Kb free=120000Kb
 bounds [0x000002698cbe0000, 0x000002698ce50000, 0x0000026994110000]
CodeHeap 'profiled nmethods': size=120000Kb used=0Kb max_used=0Kb free=120000Kb
 bounds [0x0000026985110000, 0x0000026985380000, 0x000002698c640000]
CodeHeap 'non-nmethods': size=5760Kb used=194Kb max_used=342Kb free=5565Kb
 bounds [0x000002698c640000, 0x000002698c8b0000, 0x000002698cbe0000]
CodeCache: size=245760Kb, used=194Kb, max_used=342Kb, free=245565Kb
 total_blobs=70, nmethods=0, adapters=48, full_count=0
Compilation: enabled, stopped_count=0, restarted_count=0

Compilation events (0 events):
No events

GC Heap History (0 events):
No events

Dll operation events (2 events):
Event: 0.019 Loaded shared library c:\Users\sheta\.vscode\extensions\redhat.java-1.44.0-win32-x64\jre\21.0.8-win32-x86_64\bin\java.dll
Event: 5.060 Loaded shared library c:\Users\sheta\.vscode\extensions\redhat.java-1.44.0-win32-x64\jre\21.0.8-win32-x86_64\bin\zip.dll

Deoptimization events (0 events):
No events

Classes loaded (20 events):
Event: 5.116 Loading class java/util/Iterator
Event: 5.116 Loading class java/util/Iterator done
Event: 5.116 Loading class java/lang/reflect/RecordComponent
Event: 5.116 Loading class java/lang/reflect/RecordComponent done
Event: 5.116 Loading class jdk/internal/vm/vector/VectorSupport
Event: 5.117 Loading class jdk/internal/vm/vector/VectorSupport done
Event: 5.117 Loading class jdk/internal/vm/vector/VectorSupport$VectorPayload
Event: 5.117 Loading class jdk/internal/vm/vector/VectorSupport$VectorPayload done
Event: 5.117 Loading class jdk/internal/vm/vector/VectorSupport$Vector
Event: 5.117 Loading class jdk/internal/vm/vector/VectorSupport$Vector done
Event: 5.117 Loading class jdk/internal/vm/vector/VectorSupport$VectorMask
Event: 5.117 Loading class jdk/internal/vm/vector/VectorSupport$VectorMask done
Event: 5.117 Loading class jdk/internal/vm/vector/VectorSupport$VectorShuffle
Event: 5.117 Loading class jdk/internal/vm/vector/VectorSupport$VectorShuffle done
Event: 5.117 Loading class jdk/internal/vm/FillerObject
Event: 5.117 Loading class jdk/internal/vm/FillerObject done
Event: 5.120 Loading class java/lang/NullPointerException
Event: 5.120 Loading class java/lang/NullPointerException done
Event: 5.120 Loading class java/lang/ArithmeticException
Event: 5.120 Loading class java/lang/ArithmeticException done

Classes unloaded (0 events):
No events

Classes redefined (0 events):
No events

Internal exceptions (0 events):
No events

ZGC Phase Switch (0 events):
No events

VM Operations (0 events):
No events

Memory protections (0 events):
No events

Nmethod flushes (0 events):
No events

Events (1 events):
Event: 5.057 Thread 0x0000026981f1d1c0 Thread added: 0x0000026981f1d1c0


Dynamic libraries:
0x00007ff731210000 - 0x00007ff73121e000 	c:\Users\sheta\.vscode\extensions\redhat.java-1.44.0-win32-x64\jre\21.0.8-win32-x86_64\bin\java.exe
0x00007ffc984c0000 - 0x00007ffc98726000 	C:\WINDOWS\SYSTEM32\ntdll.dll
0x00007ffc97160000 - 0x00007ffc97229000 	C:\WINDOWS\System32\KERNEL32.DLL
0x00007ffc95860000 - 0x00007ffc95c2c000 	C:\WINDOWS\System32\KERNELBASE.dll
0x00007ffc95710000 - 0x00007ffc9585b000 	C:\WINDOWS\System32\ucrtbase.dll
0x00007ffc622a0000 - 0x00007ffc622b8000 	c:\Users\sheta\.vscode\extensions\redhat.java-1.44.0-win32-x64\jre\21.0.8-win32-x86_64\bin\jli.dll
0x00007ffc97730000 - 0x00007ffc978fa000 	C:\WINDOWS\System32\USER32.dll
0x00007ffc95c30000 - 0x00007ffc95c57000 	C:\WINDOWS\System32\win32u.dll
0x00007ffc975e0000 - 0x00007ffc9760b000 	C:\WINDOWS\System32\GDI32.dll
0x00007ffc95f30000 - 0x00007ffc96062000 	C:\WINDOWS\System32\gdi32full.dll
0x00007ffc742f0000 - 0x00007ffc7430e000 	c:\Users\sheta\.vscode\extensions\redhat.java-1.44.0-win32-x64\jre\21.0.8-win32-x86_64\bin\VCRUNTIME140.dll
0x00007ffc95c60000 - 0x00007ffc95d03000 	C:\WINDOWS\System32\msvcp_win.dll
0x00007ffc78d40000 - 0x00007ffc78fda000 	C:\WINDOWS\WinSxS\amd64_microsoft.windows.common-controls_6595b64144ccf1df_6.0.26100.3912_none_3e07963ce335137e\COMCTL32.dll
0x00007ffc97230000 - 0x00007ffc972d9000 	C:\WINDOWS\System32\msvcrt.dll
0x00007ffc97340000 - 0x00007ffc97370000 	C:\WINDOWS\System32\IMM32.DLL
0x00007ffc92150000 - 0x00007ffc9215c000 	c:\Users\sheta\.vscode\extensions\redhat.java-1.44.0-win32-x64\jre\21.0.8-win32-x86_64\bin\vcruntime140_1.dll
0x00007ffc55820000 - 0x00007ffc558ad000 	c:\Users\sheta\.vscode\extensions\redhat.java-1.44.0-win32-x64\jre\21.0.8-win32-x86_64\bin\msvcp140.dll
0x00007ffbe5f00000 - 0x00007ffbe6c97000 	c:\Users\sheta\.vscode\extensions\redhat.java-1.44.0-win32-x64\jre\21.0.8-win32-x86_64\bin\server\jvm.dll
0x00007ffc96380000 - 0x00007ffc96432000 	C:\WINDOWS\System32\ADVAPI32.dll
0x00007ffc96d70000 - 0x00007ffc96e16000 	C:\WINDOWS\System32\sechost.dll
0x00007ffc97610000 - 0x00007ffc97726000 	C:\WINDOWS\System32\RPCRT4.dll
0x00007ffc97530000 - 0x00007ffc975a4000 	C:\WINDOWS\System32\WS2_32.dll
0x00007ffc8d8a0000 - 0x00007ffc8d8d6000 	C:\WINDOWS\SYSTEM32\WINMM.dll
0x00007ffc790b0000 - 0x00007ffc790bb000 	C:\WINDOWS\SYSTEM32\VERSION.dll
0x00007ffc95220000 - 0x00007ffc9527e000 	C:\WINDOWS\SYSTEM32\POWRPROF.dll
0x00007ffc95200000 - 0x00007ffc95214000 	C:\WINDOWS\SYSTEM32\UMPDC.dll
0x00007ffc943e0000 - 0x00007ffc943fa000 	C:\WINDOWS\SYSTEM32\kernel.appcore.dll
0x00007ffc92120000 - 0x00007ffc9212a000 	c:\Users\sheta\.vscode\extensions\redhat.java-1.44.0-win32-x64\jre\21.0.8-win32-x86_64\bin\jimage.dll
0x00007ffc92600000 - 0x00007ffc92841000 	C:\WINDOWS\SYSTEM32\DBGHELP.DLL
0x00007ffc97f10000 - 0x00007ffc98294000 	C:\WINDOWS\System32\combase.dll
0x00007ffc96f40000 - 0x00007ffc97020000 	C:\WINDOWS\System32\OLEAUT32.dll
0x00007ffc75320000 - 0x00007ffc75359000 	C:\WINDOWS\SYSTEM32\dbgcore.DLL
0x00007ffc95e90000 - 0x00007ffc95f29000 	C:\WINDOWS\System32\bcryptPrimitives.dll
0x00007ffc6f230000 - 0x00007ffc6f23f000 	c:\Users\sheta\.vscode\extensions\redhat.java-1.44.0-win32-x64\jre\21.0.8-win32-x86_64\bin\instrument.dll
0x00007ffc5fd40000 - 0x00007ffc5fd5f000 	c:\Users\sheta\.vscode\extensions\redhat.java-1.44.0-win32-x64\jre\21.0.8-win32-x86_64\bin\java.dll
0x00007ffc5bcd0000 - 0x00007ffc5bce8000 	c:\Users\sheta\.vscode\extensions\redhat.java-1.44.0-win32-x64\jre\21.0.8-win32-x86_64\bin\zip.dll

JVMTI agents:
c:\Users\sheta\.vscode\extensions\redhat.java-1.44.0-win32-x64\lombok\lombok-1.18.39-4050.jar path:none, loaded, not initialized, instrumentlib options:none

dbghelp: loaded successfully - version: 4.0.5 - missing functions: none
symbol engine: initialized successfully - sym options: 0x614 - pdb path: .;c:\Users\sheta\.vscode\extensions\redhat.java-1.44.0-win32-x64\jre\21.0.8-win32-x86_64\bin;C:\WINDOWS\SYSTEM32;C:\WINDOWS\WinSxS\amd64_microsoft.windows.common-controls_6595b64144ccf1df_6.0.26100.3912_none_3e07963ce335137e;c:\Users\sheta\.vscode\extensions\redhat.java-1.44.0-win32-x64\jre\21.0.8-win32-x86_64\bin\server

VM Arguments:
jvm_args: --add-modules=ALL-SYSTEM --add-opens=java.base/java.util=ALL-UNNAMED --add-opens=java.base/java.lang=ALL-UNNAMED --add-opens=java.base/sun.nio.fs=ALL-UNNAMED -Declipse.application=org.eclipse.jdt.ls.core.id1 -Dosgi.bundles.defaultStartLevel=4 -Declipse.product=org.eclipse.jdt.ls.core.product -Djava.import.generatesMetadataFilesAtProjectRoot=false -DDetectVMInstallationsJob.disabled=true -Dfile.encoding=utf8 -XX:+UseParallelGC -XX:GCTimeRatio=4 -XX:AdaptiveSizePolicyWeight=90 -Dsun.zip.disableMemoryMapping=true -Xmx2G -Xms100m -Xlog:disable -javaagent:c:\Users\sheta\.vscode\extensions\redhat.java-1.44.0-win32-x64\lombok\lombok-1.18.39-4050.jar -XX:+HeapDumpOnOutOfMemoryError -XX:HeapDumpPath=c:\Users\sheta\AppData\Roaming\Code\User\workspaceStorage\2e625b7a436b3d02155ce2ee7defb013\redhat.java -Daether.dependencyCollector.impl=bf 
java_command: c:\Users\sheta\.vscode\extensions\redhat.java-1.44.0-win32-x64\server\plugins\org.eclipse.equinox.launcher_1.7.0.v20250519-0528.jar -configuration c:\Users\sheta\AppData\Roaming\Code\User\globalStorage\redhat.java\1.44.0\config_win -data c:\Users\sheta\AppData\Roaming\Code\User\workspaceStorage\2e625b7a436b3d02155ce2ee7defb013\redhat.java\jdt_ws --pipe=\\.\pipe\lsp-d2e39c5b069646297ac61214b1a5cae0-sock
java_class_path (initial): c:\Users\sheta\.vscode\extensions\redhat.java-1.44.0-win32-x64\server\plugins\org.eclipse.equinox.launcher_1.7.0.v20250519-0528.jar
Launcher Type: SUN_STANDARD

[Global flags]
    uintx AdaptiveSizePolicyWeight                 = 90                                        {product} {command line}
     intx CICompilerCount                          = 4                                         {product} {ergonomic}
    uintx GCTimeRatio                              = 4                                         {product} {command line}
     bool HeapDumpOnOutOfMemoryError               = true                                   {manageable} {command line}
    ccstr HeapDumpPath                             = c:\Users\sheta\AppData\Roaming\Code\User\workspaceStorage\2e625b7a436b3d02155ce2ee7defb013\redhat.java         {manageable} {command line}
   size_t InitialHeapSize                          = 104857600                                 {product} {command line}
   size_t MaxHeapSize                              = 2147483648                                {product} {command line}
   size_t MaxNewSize                               = 715653120                                 {product} {ergonomic}
   size_t MinHeapDeltaBytes                        = 524288                                    {product} {ergonomic}
   size_t MinHeapSize                              = 104857600                                 {product} {command line}
   size_t NewSize                                  = 34603008                                  {product} {ergonomic}
    uintx NonNMethodCodeHeapSize                   = 5839372                                {pd product} {ergonomic}
    uintx NonProfiledCodeHeapSize                  = 122909434                              {pd product} {ergonomic}
   size_t OldSize                                  = 70254592                                  {product} {ergonomic}
    uintx ProfiledCodeHeapSize                     = 122909434                              {pd product} {ergonomic}
    uintx ReservedCodeCacheSize                    = 251658240                              {pd product} {ergonomic}
     bool SegmentedCodeCache                       = true                                      {product} {ergonomic}
   size_t SoftMaxHeapSize                          = 2147483648                             {manageable} {ergonomic}
     bool UseCompressedOops                        = true                           {product lp64_product} {ergonomic}
     bool UseLargePagesIndividualAllocation        = false                                  {pd product} {ergonomic}
     bool UseParallelGC                            = true                                      {product} {command line}

Logging:
Log output configuration:
 #0: stdout all=off uptime,level,tags foldmultilines=false
 #1: stderr all=off uptime,level,tags foldmultilines=false

Environment Variables:
PATH=C:\Program Files\Common Files\Oracle\Java\javapath;C:\WINDOWS\system32;C:\WINDOWS;C:\WINDOWS\System32\Wbem;C:\WINDOWS\System32\WindowsPowerShell\v1.0\;C:\WINDOWS\System32\OpenSSH\;C:\MinGW\bin;C:\Windows\System32\Wbem;C:\ProgramData\chocolatey\bin;C:\Program Files\nodejs;C:\Program Files\Git\cmd;E:\coding\PY;C:\Users\sheta\AppData\Local\Programs\Python\Python313;C:\Users\sheta\AppData\Local\Programs\Python\Python313\Scripts;C:\Users\sheta\AppData\Local\Programs\Python\Python313\Scripts\;C:\Users\sheta\AppData\Local\Programs\Python\Python313\;C:\Users\sheta\AppData\Local\Microsoft\WindowsApps;C:\Users\sheta\AppData\Local\Programs\Microsoft VS Code\bin;C:\Users\sheta\AppData\Roaming\npm;C:\Users\sheta\AppData\Local\Programs\mongosh\;C:\Users\sheta\AppData\Local\Programs\cursor\resources\app\bin
USERNAME=Darshan_Sheta
OS=Windows_NT
PROCESSOR_IDENTIFIER=Intel64 Family 6 Model 154 Stepping 4, GenuineIntel
TMP=C:\Users\sheta\AppData\Local\Temp
TEMP=C:\Users\sheta\AppData\Local\Temp




Periodic native trim disabled

---------------  S Y S T E M  ---------------

OS:
 Windows 11 , 64 bit Build 26100 (10.0.26100.3912)
OS uptime: 0 days 4:19 hours
Hyper-V role detected

CPU: total 12 (initial active 12) (6 cores per cpu, 2 threads per core) family 6 model 154 stepping 4 microcode 0x437, cx8, cmov, fxsr, ht, mmx, 3dnowpref, sse, sse2, sse3, ssse3, sse4.1, sse4.2, popcnt, lzcnt, tsc, tscinvbit, avx, avx2, aes, erms, clmul, bmi1, bmi2, adx, sha, fma, vzeroupper, clflush, clflushopt, clwb, hv, serialize, rdtscp, rdpid, fsrm, f16c, cet_ibt, cet_ss
Processor Information for processor 0
  Max Mhz: 1300, Current Mhz: 1300, Mhz Limit: 1300
Processor Information for processor 1
  Max Mhz: 1300, Current Mhz: 1300, Mhz Limit: 1300
Processor Information for processor 2
  Max Mhz: 1300, Current Mhz: 1300, Mhz Limit: 1300
Processor Information for processor 3
  Max Mhz: 1300, Current Mhz: 1300, Mhz Limit: 1300
Processor Information for processor 4
  Max Mhz: 900, Current Mhz: 900, Mhz Limit: 900
Processor Information for processor 5
  Max Mhz: 900, Current Mhz: 900, Mhz Limit: 900
Processor Information for processor 6
  Max Mhz: 900, Current Mhz: 900, Mhz Limit: 900
Processor Information for processor 7
  Max Mhz: 900, Current Mhz: 900, Mhz Limit: 900
Processor Information for processor 8
  Max Mhz: 900, Current Mhz: 900, Mhz Limit: 900
Processor Information for processor 9
  Max Mhz: 900, Current Mhz: 900, Mhz Limit: 900
Processor Information for processor 10
  Max Mhz: 900, Current Mhz: 900, Mhz Limit: 900
Processor Information for processor 11
  Max Mhz: 900, Current Mhz: 900, Mhz Limit: 900

Memory: 4k page, system-wide physical 16108M (3733M free)
TotalPageFile size 16108M (AvailPageFile size 1M)
current process WorkingSet (physical memory assigned to process): 18M, peak: 18M
current process commit charge ("private bytes"): 212M, peak: 213M

vm_info: OpenJDK 64-Bit Server VM (21.0.8+9-LTS) for windows-amd64 JRE (21.0.8+9-LTS), built on 2025-07-15T00:00:00Z by "admin" with MS VC++ 17.7 (VS2022)

END.
